[2025-02-03 20:50:33,584: INFO: main: Welcome to out custom log]
[2025-02-07 10:52:00,299: INFO: main: Welcome to out custom log]
[2025-02-07 10:53:08,700: INFO: main: Welcome to out custom log]
[2025-02-08 19:36:53,116: INFO: common: yaml file: config\config.yaml loaded successfully]
[2025-02-08 19:36:53,126: INFO: common: yaml file: params.yaml loaded successfully]
[2025-02-08 19:36:53,128: INFO: common: created directory at: artifacts]
[2025-02-08 19:36:53,129: INFO: common: created directory at: artifacts/data_ingestion]
[2025-02-08 19:36:53,131: INFO: 4129221895: Downloading data from https://drive.google.com/file/d/1H73jaZiYZkCWoRPUC8ffjGcnmVesWBQU/view?usp=sharing into file artifacts/data_ingestion/data.zip]
[2025-02-08 19:37:08,264: INFO: 4129221895: Downloaded data from https://drive.google.com/file/d/1H73jaZiYZkCWoRPUC8ffjGcnmVesWBQU/view?usp=sharing into file artifacts/data_ingestion/data.zip]
[2025-02-08 20:05:09,185: INFO: main: >>>>> stage Data Ingestion stage started <<<<<<<<]
[2025-02-08 20:05:09,186: INFO: common: yaml file: config\config.yaml loaded successfully]
[2025-02-08 20:05:09,187: INFO: common: yaml file: params.yaml loaded successfully]
[2025-02-08 20:05:09,188: INFO: common: created directory at: artifacts]
[2025-02-08 20:05:09,188: INFO: common: created directory at: artifacts/data_ingestion]
[2025-02-08 20:05:09,188: INFO: data_ingestion: Downloading data from https://drive.google.com/file/d/1H73jaZiYZkCWoRPUC8ffjGcnmVesWBQU/view?usp=sharing into file artifacts/data_ingestion/data.zip]
[2025-02-08 20:05:46,598: INFO: data_ingestion: Downloaded data from https://drive.google.com/file/d/1H73jaZiYZkCWoRPUC8ffjGcnmVesWBQU/view?usp=sharing into file artifacts/data_ingestion/data.zip]
[2025-02-08 20:05:47,017: INFO: main: >>>>> stage Data Ingestion stage completed <<<<<<<<]
[2025-02-10 21:08:12,581: INFO: common: yaml file: config\config.yaml loaded successfully]
[2025-02-10 21:08:12,586: INFO: common: yaml file: params.yaml loaded successfully]
[2025-02-10 21:08:12,587: INFO: common: created directory at: artifacts]
[2025-02-10 21:08:12,589: INFO: common: created directory at: artifacts/prepare_base_model]
[2025-02-10 21:08:31,507: WARNING: saving_utils: Compiled the loaded model, but the compiled metrics have yet to be built. `model.compile_metrics` will be empty until you train or evaluate the model.]
[2025-02-11 20:17:24,059: INFO: main: >>>>> stage Data Ingestion stage started <<<<<<<<]
[2025-02-11 20:17:24,068: INFO: common: yaml file: config\config.yaml loaded successfully]
[2025-02-11 20:17:24,075: INFO: common: yaml file: params.yaml loaded successfully]
[2025-02-11 20:17:24,076: INFO: common: created directory at: artifacts]
[2025-02-11 20:17:24,076: ERROR: main: 'ConfigurationManager' object has no attribute 'get_data_ingestion_config']
Traceback (most recent call last):
  File "main.py", line 11, in <module>
    obj.main()
  File "d:\kidney-stone-classification\src\cnnClassifier\pipeline\stage_01_data_ingestion.py", line 13, in main
    data_ingestion_config = config.get_data_ingestion_config()
AttributeError: 'ConfigurationManager' object has no attribute 'get_data_ingestion_config'
[2025-02-11 20:18:05,284: INFO: main: >>>>> stage Data Ingestion stage started <<<<<<<<]
[2025-02-11 20:18:05,286: INFO: common: yaml file: config\config.yaml loaded successfully]
[2025-02-11 20:18:05,288: INFO: common: yaml file: params.yaml loaded successfully]
[2025-02-11 20:18:05,288: INFO: common: created directory at: artifacts]
[2025-02-11 20:18:05,288: ERROR: main: 'ConfigurationManager' object has no attribute 'get_data_ingestion_config']
Traceback (most recent call last):
  File "main.py", line 11, in <module>
    obj.main()
  File "d:\kidney-stone-classification\src\cnnClassifier\pipeline\stage_01_data_ingestion.py", line 13, in main
    data_ingestion_config = config.get_data_ingestion_config()
AttributeError: 'ConfigurationManager' object has no attribute 'get_data_ingestion_config'
[2025-02-11 20:20:50,267: INFO: main: >>>>>> stage Data Ingestion stage started <<<<<<]
[2025-02-11 20:20:50,269: INFO: common: yaml file: config\config.yaml loaded successfully]
[2025-02-11 20:20:50,271: INFO: common: yaml file: params.yaml loaded successfully]
[2025-02-11 20:20:50,271: INFO: common: created directory at: artifacts]
[2025-02-11 20:20:50,271: ERROR: main: 'ConfigurationManager' object has no attribute 'get_data_ingestion_config']
Traceback (most recent call last):
  File "main.py", line 10, in <module>
    data_ingestion.main()
  File "d:\kidney-stone-classification\src\cnnClassifier\pipeline\stage_01_data_ingestion.py", line 13, in main
    data_ingestion_config = config.get_data_ingestion_config()
AttributeError: 'ConfigurationManager' object has no attribute 'get_data_ingestion_config'
[2025-02-11 20:27:10,122: INFO: main: >>>>>> stage Data Ingestion stage started <<<<<<]
[2025-02-11 20:27:10,124: INFO: common: yaml file: config\config.yaml loaded successfully]
[2025-02-11 20:27:10,126: INFO: common: yaml file: params.yaml loaded successfully]
[2025-02-11 20:27:10,126: INFO: common: created directory at: artifacts]
[2025-02-11 20:27:10,126: INFO: common: created directory at: artifacts/data_ingestion]
[2025-02-11 20:27:10,127: INFO: data_ingestion: Downloading data from https://drive.google.com/file/d/1H73jaZiYZkCWoRPUC8ffjGcnmVesWBQU/view?usp=sharing into file artifacts/data_ingestion/data.zip]
[2025-02-11 20:27:30,900: INFO: data_ingestion: Downloaded data from https://drive.google.com/file/d/1H73jaZiYZkCWoRPUC8ffjGcnmVesWBQU/view?usp=sharing into file artifacts/data_ingestion/data.zip]
[2025-02-11 20:27:31,320: INFO: main: >>>>>> stage Data Ingestion stage completed <<<<<<

x==========x]
[2025-02-11 20:27:31,321: INFO: main: *******************]
[2025-02-11 20:27:31,321: INFO: main: >>>>>> stage Prepare base model started <<<<<<]
[2025-02-11 20:27:31,322: INFO: common: yaml file: config\config.yaml loaded successfully]
[2025-02-11 20:27:31,324: INFO: common: yaml file: params.yaml loaded successfully]
[2025-02-11 20:27:31,324: INFO: common: created directory at: artifacts]
[2025-02-11 20:27:31,324: INFO: common: created directory at: artifacts/prepare_base_model]
[2025-02-11 20:27:31,854: WARNING: saving_utils: Compiled the loaded model, but the compiled metrics have yet to be built. `model.compile_metrics` will be empty until you train or evaluate the model.]
[2025-02-11 20:27:32,029: INFO: main: >>>>>> stage Prepare base model completed <<<<<<

x==========x]
